{"contracts/SecretSanta.sol":{"l":{"26":0,"42":0,"47":0,"48":0,"51":0,"52":0,"54":0,"55":0,"57":0,"60":0,"61":0,"62":0,"64":0,"73":0,"74":0,"75":0,"77":0,"78":0,"79":0,"80":0,"81":0,"82":0,"84":0,"89":0},"path":"/Users/dev/art/secret-santa/contracts/SecretSanta.sol","s":{"1":0,"2":0,"3":0,"4":0,"5":0,"6":0,"7":0,"8":0,"9":0,"10":0,"11":0,"12":0,"13":0,"14":0,"15":0,"16":0,"17":0,"18":0,"19":0,"20":0,"21":0,"22":0,"23":0},"b":{"1":[0,0],"2":[0,0],"3":[0,0],"4":[0,0],"5":[0,0]},"f":{"1":0,"2":3,"3":0,"4":0,"5":0,"6":0},"fnMap":{"1":{"name":"onERC721Received","line":20,"loc":{"start":{"line":20,"column":4},"end":{"line":27,"column":4}}},"2":{"name":"constructor","line":34,"loc":{"start":{"line":34,"column":4},"end":{"line":34,"column":50}}},"3":{"name":"random","line":37,"loc":{"start":{"line":37,"column":4},"end":{"line":43,"column":4}}},"4":{"name":"withdraw","line":45,"loc":{"start":{"line":45,"column":4},"end":{"line":69,"column":4}}},"5":{"name":"deposit","line":71,"loc":{"start":{"line":71,"column":4},"end":{"line":86,"column":4}}},"6":{"name":"niceList","line":88,"loc":{"start":{"line":88,"column":4},"end":{"line":90,"column":4}}}},"statementMap":{"1":{"start":{"line":26,"column":8},"end":{"line":26,"column":45}},"2":{"start":{"line":42,"column":8},"end":{"line":42,"column":45}},"3":{"start":{"line":47,"column":8},"end":{"line":47,"column":50}},"4":{"start":{"line":48,"column":8},"end":{"line":48,"column":44}},"5":{"start":{"line":51,"column":8},"end":{"line":51,"column":29}},"6":{"start":{"line":52,"column":8},"end":{"line":52,"column":1406}},"7":{"start":{"line":54,"column":12},"end":{"line":54,"column":52}},"8":{"start":{"line":55,"column":12},"end":{"line":55,"column":33}},"9":{"start":{"line":57,"column":8},"end":{"line":57,"column":67}},"10":{"start":{"line":60,"column":8},"end":{"line":60,"column":61}},"11":{"start":{"line":61,"column":8},"end":{"line":61,"column":32}},"12":{"start":{"line":62,"column":8},"end":{"line":62,"column":38}},"13":{"start":{"line":64,"column":8},"end":{"line":64,"column":1835}},"14":{"start":{"line":73,"column":8},"end":{"line":73,"column":51}},"15":{"start":{"line":74,"column":8},"end":{"line":74,"column":32}},"16":{"start":{"line":75,"column":8},"end":{"line":75,"column":33}},"17":{"start":{"line":77,"column":8},"end":{"line":77,"column":24}},"18":{"start":{"line":78,"column":8},"end":{"line":78,"column":29}},"19":{"start":{"line":79,"column":8},"end":{"line":79,"column":23}},"20":{"start":{"line":80,"column":8},"end":{"line":80,"column":31}},"21":{"start":{"line":81,"column":8},"end":{"line":81,"column":31}},"22":{"start":{"line":84,"column":8},"end":{"line":84,"column":78}},"23":{"start":{"line":89,"column":8},"end":{"line":89,"column":24}}},"branchMap":{"1":{"line":47,"type":"if","locations":[{"start":{"line":47,"column":8},"end":{"line":47,"column":8}},{"start":{"line":47,"column":8},"end":{"line":47,"column":8}}]},"2":{"line":48,"type":"if","locations":[{"start":{"line":48,"column":8},"end":{"line":48,"column":8}},{"start":{"line":48,"column":8},"end":{"line":48,"column":8}}]},"3":{"line":54,"type":"if","locations":[{"start":{"line":54,"column":12},"end":{"line":54,"column":12}},{"start":{"line":54,"column":12},"end":{"line":54,"column":12}}]},"4":{"line":57,"type":"if","locations":[{"start":{"line":57,"column":8},"end":{"line":57,"column":8}},{"start":{"line":57,"column":8},"end":{"line":57,"column":8}}]},"5":{"line":73,"type":"if","locations":[{"start":{"line":73,"column":8},"end":{"line":73,"column":8}},{"start":{"line":73,"column":8},"end":{"line":73,"column":8}}]}}}}