{"contracts/ERC1155Mock.sol":{"l":{"15":0,"24":0,"33":0,"41":0,"49":0},"path":"/Users/dev/art/secret-santa/contracts/ERC1155Mock.sol","s":{"1":0,"2":0,"3":0,"4":0,"5":0},"b":{},"f":{"1":0,"2":0,"3":0,"4":0,"5":0,"6":0},"fnMap":{"1":{"name":"constructor","line":12,"loc":{"start":{"line":12,"column":4},"end":{"line":12,"column":49}}},"2":{"name":"setURI","line":14,"loc":{"start":{"line":14,"column":4},"end":{"line":16,"column":4}}},"3":{"name":"mint","line":18,"loc":{"start":{"line":18,"column":4},"end":{"line":25,"column":4}}},"4":{"name":"mintBatch","line":27,"loc":{"start":{"line":27,"column":4},"end":{"line":34,"column":4}}},"5":{"name":"burn","line":36,"loc":{"start":{"line":36,"column":4},"end":{"line":42,"column":4}}},"6":{"name":"burnBatch","line":44,"loc":{"start":{"line":44,"column":4},"end":{"line":50,"column":4}}}},"statementMap":{"1":{"start":{"line":15,"column":8},"end":{"line":15,"column":22}},"2":{"start":{"line":24,"column":8},"end":{"line":24,"column":33}},"3":{"start":{"line":33,"column":8},"end":{"line":33,"column":40}},"4":{"start":{"line":41,"column":8},"end":{"line":41,"column":30}},"5":{"start":{"line":49,"column":8},"end":{"line":49,"column":37}}},"branchMap":{}},"contracts/ERC721Mock.sol":{"l":{"16":0,"20":3,"24":4,"28":0,"36":0,"40":0},"path":"/Users/dev/art/secret-santa/contracts/ERC721Mock.sol","s":{"1":0,"2":3,"3":4,"4":0,"5":0,"6":0},"b":{},"f":{"1":3,"2":0,"3":3,"4":4,"5":0,"6":0,"7":0},"fnMap":{"1":{"name":"constructor","line":12,"loc":{"start":{"line":11,"column":4},"end":{"line":13,"column":5}}},"2":{"name":"baseURI","line":15,"loc":{"start":{"line":15,"column":4},"end":{"line":17,"column":4}}},"3":{"name":"exists","line":19,"loc":{"start":{"line":19,"column":4},"end":{"line":21,"column":4}}},"4":{"name":"mint","line":23,"loc":{"start":{"line":23,"column":4},"end":{"line":25,"column":4}}},"5":{"name":"safeMint","line":27,"loc":{"start":{"line":27,"column":4},"end":{"line":29,"column":4}}},"6":{"name":"safeMint","line":31,"loc":{"start":{"line":31,"column":4},"end":{"line":37,"column":4}}},"7":{"name":"burn","line":39,"loc":{"start":{"line":39,"column":4},"end":{"line":41,"column":4}}}},"statementMap":{"1":{"start":{"line":16,"column":8},"end":{"line":16,"column":25}},"2":{"start":{"line":20,"column":8},"end":{"line":20,"column":31}},"3":{"start":{"line":24,"column":8},"end":{"line":24,"column":25}},"4":{"start":{"line":28,"column":8},"end":{"line":28,"column":29}},"5":{"start":{"line":36,"column":8},"end":{"line":36,"column":36}},"6":{"start":{"line":40,"column":8},"end":{"line":40,"column":21}}},"branchMap":{}},"contracts/SecretSanta.sol":{"l":{"27":3,"39":4,"40":3,"41":3,"43":3,"44":3,"45":3,"46":3,"47":3,"48":3,"49":3,"51":3,"62":1,"67":3,"68":3,"70":1,"71":1,"72":1,"75":1,"78":1,"79":1,"81":1,"86":1,"90":3},"path":"/Users/dev/art/secret-santa/contracts/SecretSanta.sol","s":{"1":3,"2":4,"3":3,"4":3,"5":3,"6":3,"7":3,"8":3,"9":3,"10":3,"11":1,"12":3,"13":3,"14":1,"15":1,"16":1,"17":1,"18":1,"19":1,"20":3},"b":{"1":[3,1],"2":[3,0],"3":[1,2]},"f":{"1":3,"2":3,"3":4,"4":1,"5":3,"6":3},"fnMap":{"1":{"name":"onERC721Received","line":21,"loc":{"start":{"line":21,"column":4},"end":{"line":28,"column":4}}},"2":{"name":"constructor","line":35,"loc":{"start":{"line":35,"column":4},"end":{"line":35,"column":50}}},"3":{"name":"deposit","line":37,"loc":{"start":{"line":37,"column":4},"end":{"line":54,"column":4}}},"4":{"name":"random","line":57,"loc":{"start":{"line":57,"column":4},"end":{"line":63,"column":4}}},"5":{"name":"withdraw","line":65,"loc":{"start":{"line":65,"column":4},"end":{"line":87,"column":4}}},"6":{"name":"gave","line":89,"loc":{"start":{"line":89,"column":4},"end":{"line":91,"column":4}}}},"statementMap":{"1":{"start":{"line":27,"column":8},"end":{"line":27,"column":45}},"2":{"start":{"line":39,"column":8},"end":{"line":39,"column":52}},"3":{"start":{"line":40,"column":8},"end":{"line":40,"column":33}},"4":{"start":{"line":41,"column":8},"end":{"line":41,"column":30}},"5":{"start":{"line":43,"column":8},"end":{"line":43,"column":24}},"6":{"start":{"line":44,"column":8},"end":{"line":44,"column":29}},"7":{"start":{"line":45,"column":8},"end":{"line":45,"column":23}},"8":{"start":{"line":46,"column":8},"end":{"line":46,"column":31}},"9":{"start":{"line":47,"column":8},"end":{"line":47,"column":31}},"10":{"start":{"line":51,"column":8},"end":{"line":51,"column":73}},"11":{"start":{"line":62,"column":8},"end":{"line":62,"column":45}},"12":{"start":{"line":67,"column":8},"end":{"line":67,"column":40}},"13":{"start":{"line":68,"column":8},"end":{"line":68,"column":45}},"14":{"start":{"line":70,"column":8},"end":{"line":70,"column":33}},"15":{"start":{"line":71,"column":8},"end":{"line":71,"column":2014}},"16":{"start":{"line":72,"column":12},"end":{"line":72,"column":67}},"17":{"start":{"line":75,"column":8},"end":{"line":75,"column":38}},"18":{"start":{"line":78,"column":8},"end":{"line":78,"column":34}},"19":{"start":{"line":81,"column":8},"end":{"line":81,"column":2279}},"20":{"start":{"line":90,"column":8},"end":{"line":90,"column":25}}},"branchMap":{"1":{"line":39,"type":"if","locations":[{"start":{"line":39,"column":8},"end":{"line":39,"column":8}},{"start":{"line":39,"column":8},"end":{"line":39,"column":8}}]},"2":{"line":67,"type":"if","locations":[{"start":{"line":67,"column":8},"end":{"line":67,"column":8}},{"start":{"line":67,"column":8},"end":{"line":67,"column":8}}]},"3":{"line":68,"type":"if","locations":[{"start":{"line":68,"column":8},"end":{"line":68,"column":8}},{"start":{"line":68,"column":8},"end":{"line":68,"column":8}}]}}}}